/home/wch1007@netid.washington.edu/TECHIN516/kinova_ws/install/lab_quaternion/lib/python3.10/site-packages/lab_quaternion/trajectory_from_csv.py
/home/wch1007@netid.washington.edu/TECHIN516/kinova_ws/install/lab_quaternion/lib/python3.10/site-packages/lab_quaternion/__init__.py
/home/wch1007@netid.washington.edu/TECHIN516/kinova_ws/install/lab_quaternion/lib/python3.10/site-packages/lab_quaternion/gen3lite_pymoveit2.py
/home/wch1007@netid.washington.edu/TECHIN516/kinova_ws/install/lab_quaternion/lib/python3.10/site-packages/lab_quaternion/__pycache__/trajectory_from_csv.cpython-310.pyc
/home/wch1007@netid.washington.edu/TECHIN516/kinova_ws/install/lab_quaternion/lib/python3.10/site-packages/lab_quaternion/__pycache__/__init__.cpython-310.pyc
/home/wch1007@netid.washington.edu/TECHIN516/kinova_ws/install/lab_quaternion/lib/python3.10/site-packages/lab_quaternion/__pycache__/gen3lite_pymoveit2.cpython-310.pyc
/home/wch1007@netid.washington.edu/TECHIN516/kinova_ws/install/lab_quaternion/share/ament_index/resource_index/packages/lab_quaternion
/home/wch1007@netid.washington.edu/TECHIN516/kinova_ws/install/lab_quaternion/share/lab_quaternion/package.xml
/home/wch1007@netid.washington.edu/TECHIN516/kinova_ws/install/lab_quaternion/share/lab_quaternion/scripts/sort_cubes.py
/home/wch1007@netid.washington.edu/TECHIN516/kinova_ws/install/lab_quaternion/share/lab_quaternion/launch/sort_world.launch.py
/home/wch1007@netid.washington.edu/TECHIN516/kinova_ws/install/lab_quaternion/share/lab_quaternion/worlds/sort_world.sdf
/home/wch1007@netid.washington.edu/TECHIN516/kinova_ws/install/lab_quaternion/lib/python3.10/site-packages/lab_quaternion-0.0.0-py3.10.egg-info/PKG-INFO
/home/wch1007@netid.washington.edu/TECHIN516/kinova_ws/install/lab_quaternion/lib/python3.10/site-packages/lab_quaternion-0.0.0-py3.10.egg-info/entry_points.txt
/home/wch1007@netid.washington.edu/TECHIN516/kinova_ws/install/lab_quaternion/lib/python3.10/site-packages/lab_quaternion-0.0.0-py3.10.egg-info/zip-safe
/home/wch1007@netid.washington.edu/TECHIN516/kinova_ws/install/lab_quaternion/lib/python3.10/site-packages/lab_quaternion-0.0.0-py3.10.egg-info/top_level.txt
/home/wch1007@netid.washington.edu/TECHIN516/kinova_ws/install/lab_quaternion/lib/python3.10/site-packages/lab_quaternion-0.0.0-py3.10.egg-info/SOURCES.txt
/home/wch1007@netid.washington.edu/TECHIN516/kinova_ws/install/lab_quaternion/lib/python3.10/site-packages/lab_quaternion-0.0.0-py3.10.egg-info/dependency_links.txt
/home/wch1007@netid.washington.edu/TECHIN516/kinova_ws/install/lab_quaternion/lib/python3.10/site-packages/lab_quaternion-0.0.0-py3.10.egg-info/requires.txt
/home/wch1007@netid.washington.edu/TECHIN516/kinova_ws/install/lab_quaternion/lib/lab_quaternion/gen3lite_pymoveit2
/home/wch1007@netid.washington.edu/TECHIN516/kinova_ws/install/lab_quaternion/lib/lab_quaternion/sort_cubes
/home/wch1007@netid.washington.edu/TECHIN516/kinova_ws/install/lab_quaternion/lib/lab_quaternion/trajectory_from_csv
