[0.779s] Invoking command in '/home/wch1007@netid.washington.edu/TECHIN516/kinova_ws/src/lab_quaternion': PYTHONPATH=/home/wch1007@netid.washington.edu/TECHIN516/kinova_ws/build/lab_quaternion/prefix_override:/usr/lib/python3/dist-packages/colcon_core/task/python/colcon_distutils_commands:/home/wch1007@netid.washington.edu/TECHIN516/kinova_ws/install/lab_quaternion/lib/python3.10/site-packages:${PYTHONPATH} /usr/bin/python3 -W ignore:setup.py install is deprecated -W ignore:easy_install command is deprecated setup.py egg_info --egg-base ../../build/lab_quaternion build --build-base /home/wch1007@netid.washington.edu/TECHIN516/kinova_ws/build/lab_quaternion/build install --record /home/wch1007@netid.washington.edu/TECHIN516/kinova_ws/build/lab_quaternion/install.log --single-version-externally-managed install_data
[1.109s] running egg_info
[1.110s] creating ../../build/lab_quaternion/lab_quaternion.egg-info
[1.110s] writing ../../build/lab_quaternion/lab_quaternion.egg-info/PKG-INFO
[1.111s] writing dependency_links to ../../build/lab_quaternion/lab_quaternion.egg-info/dependency_links.txt
[1.111s] writing entry points to ../../build/lab_quaternion/lab_quaternion.egg-info/entry_points.txt
[1.111s] writing requirements to ../../build/lab_quaternion/lab_quaternion.egg-info/requires.txt
[1.111s] writing top-level names to ../../build/lab_quaternion/lab_quaternion.egg-info/top_level.txt
[1.111s] writing manifest file '../../build/lab_quaternion/lab_quaternion.egg-info/SOURCES.txt'
[1.113s] reading manifest file '../../build/lab_quaternion/lab_quaternion.egg-info/SOURCES.txt'
[1.115s] writing manifest file '../../build/lab_quaternion/lab_quaternion.egg-info/SOURCES.txt'
[1.115s] running build
[1.115s] running build_py
[1.115s] creating /home/wch1007@netid.washington.edu/TECHIN516/kinova_ws/build/lab_quaternion/build
[1.115s] creating /home/wch1007@netid.washington.edu/TECHIN516/kinova_ws/build/lab_quaternion/build/lib
[1.115s] creating /home/wch1007@netid.washington.edu/TECHIN516/kinova_ws/build/lab_quaternion/build/lib/lab_quaternion
[1.115s] copying lab_quaternion/trajectory_from_csv.py -> /home/wch1007@netid.washington.edu/TECHIN516/kinova_ws/build/lab_quaternion/build/lib/lab_quaternion
[1.115s] copying lab_quaternion/__init__.py -> /home/wch1007@netid.washington.edu/TECHIN516/kinova_ws/build/lab_quaternion/build/lib/lab_quaternion
[1.116s] copying lab_quaternion/gen3lite_pymoveit2.py -> /home/wch1007@netid.washington.edu/TECHIN516/kinova_ws/build/lab_quaternion/build/lib/lab_quaternion
[1.116s] running install
[1.116s] running install_lib
[1.117s] creating /home/wch1007@netid.washington.edu/TECHIN516/kinova_ws/install/lab_quaternion/lib/python3.10/site-packages/lab_quaternion
[1.117s] copying /home/wch1007@netid.washington.edu/TECHIN516/kinova_ws/build/lab_quaternion/build/lib/lab_quaternion/trajectory_from_csv.py -> /home/wch1007@netid.washington.edu/TECHIN516/kinova_ws/install/lab_quaternion/lib/python3.10/site-packages/lab_quaternion
[1.117s] copying /home/wch1007@netid.washington.edu/TECHIN516/kinova_ws/build/lab_quaternion/build/lib/lab_quaternion/__init__.py -> /home/wch1007@netid.washington.edu/TECHIN516/kinova_ws/install/lab_quaternion/lib/python3.10/site-packages/lab_quaternion
[1.117s] copying /home/wch1007@netid.washington.edu/TECHIN516/kinova_ws/build/lab_quaternion/build/lib/lab_quaternion/gen3lite_pymoveit2.py -> /home/wch1007@netid.washington.edu/TECHIN516/kinova_ws/install/lab_quaternion/lib/python3.10/site-packages/lab_quaternion
[1.117s] byte-compiling /home/wch1007@netid.washington.edu/TECHIN516/kinova_ws/install/lab_quaternion/lib/python3.10/site-packages/lab_quaternion/trajectory_from_csv.py to trajectory_from_csv.cpython-310.pyc
[1.119s] byte-compiling /home/wch1007@netid.washington.edu/TECHIN516/kinova_ws/install/lab_quaternion/lib/python3.10/site-packages/lab_quaternion/__init__.py to __init__.cpython-310.pyc
[1.119s] byte-compiling /home/wch1007@netid.washington.edu/TECHIN516/kinova_ws/install/lab_quaternion/lib/python3.10/site-packages/lab_quaternion/gen3lite_pymoveit2.py to gen3lite_pymoveit2.cpython-310.pyc
[1.120s] running install_data
[1.120s] creating /home/wch1007@netid.washington.edu/TECHIN516/kinova_ws/install/lab_quaternion/share/ament_index
[1.120s] creating /home/wch1007@netid.washington.edu/TECHIN516/kinova_ws/install/lab_quaternion/share/ament_index/resource_index
[1.120s] creating /home/wch1007@netid.washington.edu/TECHIN516/kinova_ws/install/lab_quaternion/share/ament_index/resource_index/packages
[1.121s] copying resource/lab_quaternion -> /home/wch1007@netid.washington.edu/TECHIN516/kinova_ws/install/lab_quaternion/share/ament_index/resource_index/packages
[1.121s] copying package.xml -> /home/wch1007@netid.washington.edu/TECHIN516/kinova_ws/install/lab_quaternion/share/lab_quaternion
[1.121s] creating /home/wch1007@netid.washington.edu/TECHIN516/kinova_ws/install/lab_quaternion/share/lab_quaternion/scripts
[1.121s] copying scripts/sort_cubes.py -> /home/wch1007@netid.washington.edu/TECHIN516/kinova_ws/install/lab_quaternion/share/lab_quaternion/scripts
[1.121s] creating /home/wch1007@netid.washington.edu/TECHIN516/kinova_ws/install/lab_quaternion/share/lab_quaternion/launch
[1.121s] copying launch/sort_world.launch.py -> /home/wch1007@netid.washington.edu/TECHIN516/kinova_ws/install/lab_quaternion/share/lab_quaternion/launch
[1.121s] creating /home/wch1007@netid.washington.edu/TECHIN516/kinova_ws/install/lab_quaternion/share/lab_quaternion/worlds
[1.122s] copying worlds/sort_world.sdf -> /home/wch1007@netid.washington.edu/TECHIN516/kinova_ws/install/lab_quaternion/share/lab_quaternion/worlds
[1.122s] running install_egg_info
[1.123s] Copying ../../build/lab_quaternion/lab_quaternion.egg-info to /home/wch1007@netid.washington.edu/TECHIN516/kinova_ws/install/lab_quaternion/lib/python3.10/site-packages/lab_quaternion-0.0.0-py3.10.egg-info
[1.124s] running install_scripts
[1.148s] Installing gen3lite_pymoveit2 script to /home/wch1007@netid.washington.edu/TECHIN516/kinova_ws/install/lab_quaternion/lib/lab_quaternion
[1.148s] Installing sort_cubes script to /home/wch1007@netid.washington.edu/TECHIN516/kinova_ws/install/lab_quaternion/lib/lab_quaternion
[1.148s] Installing trajectory_from_csv script to /home/wch1007@netid.washington.edu/TECHIN516/kinova_ws/install/lab_quaternion/lib/lab_quaternion
[1.148s] writing list of installed files to '/home/wch1007@netid.washington.edu/TECHIN516/kinova_ws/build/lab_quaternion/install.log'
[1.175s] Invoked command in '/home/wch1007@netid.washington.edu/TECHIN516/kinova_ws/src/lab_quaternion' returned '0': PYTHONPATH=/home/wch1007@netid.washington.edu/TECHIN516/kinova_ws/build/lab_quaternion/prefix_override:/usr/lib/python3/dist-packages/colcon_core/task/python/colcon_distutils_commands:/home/wch1007@netid.washington.edu/TECHIN516/kinova_ws/install/lab_quaternion/lib/python3.10/site-packages:${PYTHONPATH} /usr/bin/python3 -W ignore:setup.py install is deprecated -W ignore:easy_install command is deprecated setup.py egg_info --egg-base ../../build/lab_quaternion build --build-base /home/wch1007@netid.washington.edu/TECHIN516/kinova_ws/build/lab_quaternion/build install --record /home/wch1007@netid.washington.edu/TECHIN516/kinova_ws/build/lab_quaternion/install.log --single-version-externally-managed install_data
