[0.295s] Invoking command in '/home/wch1007@netid.washington.edu/TECHIN516/kinova_ws/build/pymoveit2': CMAKE_PREFIX_PATH=${CMAKE_PREFIX_PATH}:/home/wch1007@netid.washington.edu/TECHIN516/kinova_ws/install/rqt_joint_trajectory_controller:/home/wch1007@netid.washington.edu/TECHIN516/kinova_ws/install/rqt_controller_manager:/home/wch1007@netid.washington.edu/TECHIN516/kinova_ws/install/ros2controlcli:/home/wch1007@netid.washington.edu/TECHIN516/kinova_ws/install/ros2_controllers_test_nodes:/home/wch1007@netid.washington.edu/TECHIN516/kinova_ws/install/ros2_control_demo_testing:/home/wch1007@netid.washington.edu/TECHIN516/kinova_ws/install/lab_quaternion:/opt/ros/humble /usr/bin/cmake /home/wch1007@netid.washington.edu/TECHIN516/kinova_ws/src/pymoveit2 -DCMAKE_INSTALL_PREFIX=/home/wch1007@netid.washington.edu/TECHIN516/kinova_ws/install/pymoveit2
[0.380s] -- The C compiler identification is GNU 11.4.0
[0.455s] -- The CXX compiler identification is GNU 11.4.0
[0.472s] -- Detecting C compiler ABI info
[0.571s] -- Detecting C compiler ABI info - done
[0.584s] -- Check for working C compiler: /usr/bin/cc - skipped
[0.584s] -- Detecting C compile features
[0.585s] -- Detecting C compile features - done
[0.588s] -- Detecting CXX compiler ABI info
[0.697s] -- Detecting CXX compiler ABI info - done
[0.706s] -- Check for working CXX compiler: /usr/bin/c++ - skipped
[0.706s] -- Detecting CXX compile features
[0.707s] -- Detecting CXX compile features - done
[0.711s] -- Found ament_cmake: 1.3.11 (/opt/ros/humble/share/ament_cmake/cmake)
[0.901s] -- Found Python3: /usr/bin/python3 (found version "3.10.12") found components: Interpreter 
[1.215s] -- Configuring done
[1.219s] -- Generating done
[1.221s] -- Build files have been written to: /home/wch1007@netid.washington.edu/TECHIN516/kinova_ws/build/pymoveit2
[1.226s] Invoked command in '/home/wch1007@netid.washington.edu/TECHIN516/kinova_ws/build/pymoveit2' returned '0': CMAKE_PREFIX_PATH=${CMAKE_PREFIX_PATH}:/home/wch1007@netid.washington.edu/TECHIN516/kinova_ws/install/rqt_joint_trajectory_controller:/home/wch1007@netid.washington.edu/TECHIN516/kinova_ws/install/rqt_controller_manager:/home/wch1007@netid.washington.edu/TECHIN516/kinova_ws/install/ros2controlcli:/home/wch1007@netid.washington.edu/TECHIN516/kinova_ws/install/ros2_controllers_test_nodes:/home/wch1007@netid.washington.edu/TECHIN516/kinova_ws/install/ros2_control_demo_testing:/home/wch1007@netid.washington.edu/TECHIN516/kinova_ws/install/lab_quaternion:/opt/ros/humble /usr/bin/cmake /home/wch1007@netid.washington.edu/TECHIN516/kinova_ws/src/pymoveit2 -DCMAKE_INSTALL_PREFIX=/home/wch1007@netid.washington.edu/TECHIN516/kinova_ws/install/pymoveit2
[1.228s] Invoking command in '/home/wch1007@netid.washington.edu/TECHIN516/kinova_ws/build/pymoveit2': CMAKE_PREFIX_PATH=${CMAKE_PREFIX_PATH}:/home/wch1007@netid.washington.edu/TECHIN516/kinova_ws/install/rqt_joint_trajectory_controller:/home/wch1007@netid.washington.edu/TECHIN516/kinova_ws/install/rqt_controller_manager:/home/wch1007@netid.washington.edu/TECHIN516/kinova_ws/install/ros2controlcli:/home/wch1007@netid.washington.edu/TECHIN516/kinova_ws/install/ros2_controllers_test_nodes:/home/wch1007@netid.washington.edu/TECHIN516/kinova_ws/install/ros2_control_demo_testing:/home/wch1007@netid.washington.edu/TECHIN516/kinova_ws/install/lab_quaternion:/opt/ros/humble /usr/bin/cmake --build /home/wch1007@netid.washington.edu/TECHIN516/kinova_ws/build/pymoveit2 -- -j8 -l8
[1.309s] Built target ament_cmake_python_copy_pymoveit2
[1.593s] running egg_info
[1.594s] creating pymoveit2.egg-info
[1.594s] writing pymoveit2.egg-info/PKG-INFO
[1.594s] writing dependency_links to pymoveit2.egg-info/dependency_links.txt
[1.595s] writing top-level names to pymoveit2.egg-info/top_level.txt
[1.595s] writing manifest file 'pymoveit2.egg-info/SOURCES.txt'
[1.597s] reading manifest file 'pymoveit2.egg-info/SOURCES.txt'
[1.598s] writing manifest file 'pymoveit2.egg-info/SOURCES.txt'
[1.628s] Built target ament_cmake_python_build_pymoveit2_egg
[1.640s] Invoked command in '/home/wch1007@netid.washington.edu/TECHIN516/kinova_ws/build/pymoveit2' returned '0': CMAKE_PREFIX_PATH=${CMAKE_PREFIX_PATH}:/home/wch1007@netid.washington.edu/TECHIN516/kinova_ws/install/rqt_joint_trajectory_controller:/home/wch1007@netid.washington.edu/TECHIN516/kinova_ws/install/rqt_controller_manager:/home/wch1007@netid.washington.edu/TECHIN516/kinova_ws/install/ros2controlcli:/home/wch1007@netid.washington.edu/TECHIN516/kinova_ws/install/ros2_controllers_test_nodes:/home/wch1007@netid.washington.edu/TECHIN516/kinova_ws/install/ros2_control_demo_testing:/home/wch1007@netid.washington.edu/TECHIN516/kinova_ws/install/lab_quaternion:/opt/ros/humble /usr/bin/cmake --build /home/wch1007@netid.washington.edu/TECHIN516/kinova_ws/build/pymoveit2 -- -j8 -l8
[1.652s] Invoking command in '/home/wch1007@netid.washington.edu/TECHIN516/kinova_ws/build/pymoveit2': CMAKE_PREFIX_PATH=${CMAKE_PREFIX_PATH}:/home/wch1007@netid.washington.edu/TECHIN516/kinova_ws/install/rqt_joint_trajectory_controller:/home/wch1007@netid.washington.edu/TECHIN516/kinova_ws/install/rqt_controller_manager:/home/wch1007@netid.washington.edu/TECHIN516/kinova_ws/install/ros2controlcli:/home/wch1007@netid.washington.edu/TECHIN516/kinova_ws/install/ros2_controllers_test_nodes:/home/wch1007@netid.washington.edu/TECHIN516/kinova_ws/install/ros2_control_demo_testing:/home/wch1007@netid.washington.edu/TECHIN516/kinova_ws/install/lab_quaternion:/opt/ros/humble /usr/bin/cmake --install /home/wch1007@netid.washington.edu/TECHIN516/kinova_ws/build/pymoveit2
[1.661s] -- Install configuration: ""
[1.661s] -- Installing: /home/wch1007@netid.washington.edu/TECHIN516/kinova_ws/install/pymoveit2/share/pymoveit2/environment/pythonpath.sh
[1.661s] -- Installing: /home/wch1007@netid.washington.edu/TECHIN516/kinova_ws/install/pymoveit2/share/pymoveit2/environment/pythonpath.dsv
[1.661s] -- Installing: /home/wch1007@netid.washington.edu/TECHIN516/kinova_ws/install/pymoveit2/local/lib/python3.10/dist-packages/pymoveit2-4.0.0-py3.10.egg-info
[1.662s] -- Installing: /home/wch1007@netid.washington.edu/TECHIN516/kinova_ws/install/pymoveit2/local/lib/python3.10/dist-packages/pymoveit2-4.0.0-py3.10.egg-info/PKG-INFO
[1.662s] -- Installing: /home/wch1007@netid.washington.edu/TECHIN516/kinova_ws/install/pymoveit2/local/lib/python3.10/dist-packages/pymoveit2-4.0.0-py3.10.egg-info/top_level.txt
[1.662s] -- Installing: /home/wch1007@netid.washington.edu/TECHIN516/kinova_ws/install/pymoveit2/local/lib/python3.10/dist-packages/pymoveit2-4.0.0-py3.10.egg-info/SOURCES.txt
[1.662s] -- Installing: /home/wch1007@netid.washington.edu/TECHIN516/kinova_ws/install/pymoveit2/local/lib/python3.10/dist-packages/pymoveit2-4.0.0-py3.10.egg-info/dependency_links.txt
[1.662s] -- Installing: /home/wch1007@netid.washington.edu/TECHIN516/kinova_ws/install/pymoveit2/local/lib/python3.10/dist-packages/pymoveit2
[1.662s] -- Installing: /home/wch1007@netid.washington.edu/TECHIN516/kinova_ws/install/pymoveit2/local/lib/python3.10/dist-packages/pymoveit2/moveit2_servo.py
[1.662s] -- Installing: /home/wch1007@netid.washington.edu/TECHIN516/kinova_ws/install/pymoveit2/local/lib/python3.10/dist-packages/pymoveit2/utils.py
[1.662s] -- Installing: /home/wch1007@netid.washington.edu/TECHIN516/kinova_ws/install/pymoveit2/local/lib/python3.10/dist-packages/pymoveit2/__init__.py
[1.662s] -- Installing: /home/wch1007@netid.washington.edu/TECHIN516/kinova_ws/install/pymoveit2/local/lib/python3.10/dist-packages/pymoveit2/moveit2_gripper.py
[1.662s] -- Installing: /home/wch1007@netid.washington.edu/TECHIN516/kinova_ws/install/pymoveit2/local/lib/python3.10/dist-packages/pymoveit2/robots
[1.662s] -- Installing: /home/wch1007@netid.washington.edu/TECHIN516/kinova_ws/install/pymoveit2/local/lib/python3.10/dist-packages/pymoveit2/robots/ur.py
[1.663s] -- Installing: /home/wch1007@netid.washington.edu/TECHIN516/kinova_ws/install/pymoveit2/local/lib/python3.10/dist-packages/pymoveit2/robots/panda.py
[1.663s] -- Installing: /home/wch1007@netid.washington.edu/TECHIN516/kinova_ws/install/pymoveit2/local/lib/python3.10/dist-packages/pymoveit2/robots/__init__.py
[1.663s] -- Installing: /home/wch1007@netid.washington.edu/TECHIN516/kinova_ws/install/pymoveit2/local/lib/python3.10/dist-packages/pymoveit2/robots/lbr.py
[1.663s] -- Installing: /home/wch1007@netid.washington.edu/TECHIN516/kinova_ws/install/pymoveit2/local/lib/python3.10/dist-packages/pymoveit2/robots/kinova.py
[1.663s] -- Installing: /home/wch1007@netid.washington.edu/TECHIN516/kinova_ws/install/pymoveit2/local/lib/python3.10/dist-packages/pymoveit2/robots/phantomx_pincher.py
[1.663s] -- Installing: /home/wch1007@netid.washington.edu/TECHIN516/kinova_ws/install/pymoveit2/local/lib/python3.10/dist-packages/pymoveit2/robots/crane_x7.py
[1.663s] -- Installing: /home/wch1007@netid.washington.edu/TECHIN516/kinova_ws/install/pymoveit2/local/lib/python3.10/dist-packages/pymoveit2/gripper_command.py
[1.663s] -- Installing: /home/wch1007@netid.washington.edu/TECHIN516/kinova_ws/install/pymoveit2/local/lib/python3.10/dist-packages/pymoveit2/gripper_interface.py
[1.663s] -- Installing: /home/wch1007@netid.washington.edu/TECHIN516/kinova_ws/install/pymoveit2/local/lib/python3.10/dist-packages/pymoveit2/moveit2.py
[1.723s] Listing '/home/wch1007@netid.washington.edu/TECHIN516/kinova_ws/install/pymoveit2/local/lib/python3.10/dist-packages/pymoveit2'...
[1.724s] Compiling '/home/wch1007@netid.washington.edu/TECHIN516/kinova_ws/install/pymoveit2/local/lib/python3.10/dist-packages/pymoveit2/__init__.py'...
[1.724s] Compiling '/home/wch1007@netid.washington.edu/TECHIN516/kinova_ws/install/pymoveit2/local/lib/python3.10/dist-packages/pymoveit2/gripper_command.py'...
[1.724s] Compiling '/home/wch1007@netid.washington.edu/TECHIN516/kinova_ws/install/pymoveit2/local/lib/python3.10/dist-packages/pymoveit2/gripper_interface.py'...
[1.724s] Compiling '/home/wch1007@netid.washington.edu/TECHIN516/kinova_ws/install/pymoveit2/local/lib/python3.10/dist-packages/pymoveit2/moveit2.py'...
[1.724s] Compiling '/home/wch1007@netid.washington.edu/TECHIN516/kinova_ws/install/pymoveit2/local/lib/python3.10/dist-packages/pymoveit2/moveit2_gripper.py'...
[1.724s] Compiling '/home/wch1007@netid.washington.edu/TECHIN516/kinova_ws/install/pymoveit2/local/lib/python3.10/dist-packages/pymoveit2/moveit2_servo.py'...
[1.724s] Listing '/home/wch1007@netid.washington.edu/TECHIN516/kinova_ws/install/pymoveit2/local/lib/python3.10/dist-packages/pymoveit2/robots'...
[1.724s] Compiling '/home/wch1007@netid.washington.edu/TECHIN516/kinova_ws/install/pymoveit2/local/lib/python3.10/dist-packages/pymoveit2/robots/__init__.py'...
[1.724s] Compiling '/home/wch1007@netid.washington.edu/TECHIN516/kinova_ws/install/pymoveit2/local/lib/python3.10/dist-packages/pymoveit2/robots/crane_x7.py'...
[1.724s] Compiling '/home/wch1007@netid.washington.edu/TECHIN516/kinova_ws/install/pymoveit2/local/lib/python3.10/dist-packages/pymoveit2/robots/kinova.py'...
[1.725s] Compiling '/home/wch1007@netid.washington.edu/TECHIN516/kinova_ws/install/pymoveit2/local/lib/python3.10/dist-packages/pymoveit2/robots/lbr.py'...
[1.725s] Compiling '/home/wch1007@netid.washington.edu/TECHIN516/kinova_ws/install/pymoveit2/local/lib/python3.10/dist-packages/pymoveit2/robots/panda.py'...
[1.725s] Compiling '/home/wch1007@netid.washington.edu/TECHIN516/kinova_ws/install/pymoveit2/local/lib/python3.10/dist-packages/pymoveit2/robots/phantomx_pincher.py'...
[1.725s] Compiling '/home/wch1007@netid.washington.edu/TECHIN516/kinova_ws/install/pymoveit2/local/lib/python3.10/dist-packages/pymoveit2/robots/ur.py'...
[1.725s] Compiling '/home/wch1007@netid.washington.edu/TECHIN516/kinova_ws/install/pymoveit2/local/lib/python3.10/dist-packages/pymoveit2/utils.py'...
[1.729s] -- Installing: /home/wch1007@netid.washington.edu/TECHIN516/kinova_ws/install/pymoveit2/lib/pymoveit2/ex_allow_collisions.py
[1.729s] -- Installing: /home/wch1007@netid.washington.edu/TECHIN516/kinova_ws/install/pymoveit2/lib/pymoveit2/ex_clear_planning_scene.py
[1.729s] -- Installing: /home/wch1007@netid.washington.edu/TECHIN516/kinova_ws/install/pymoveit2/lib/pymoveit2/ex_collision_mesh.py
[1.729s] -- Installing: /home/wch1007@netid.washington.edu/TECHIN516/kinova_ws/install/pymoveit2/lib/pymoveit2/ex_collision_primitive.py
[1.729s] -- Installing: /home/wch1007@netid.washington.edu/TECHIN516/kinova_ws/install/pymoveit2/lib/pymoveit2/ex_fk.py
[1.730s] -- Installing: /home/wch1007@netid.washington.edu/TECHIN516/kinova_ws/install/pymoveit2/lib/pymoveit2/ex_gripper.py
[1.730s] -- Installing: /home/wch1007@netid.washington.edu/TECHIN516/kinova_ws/install/pymoveit2/lib/pymoveit2/ex_ik.py
[1.730s] -- Installing: /home/wch1007@netid.washington.edu/TECHIN516/kinova_ws/install/pymoveit2/lib/pymoveit2/ex_joint_goal.py
[1.730s] -- Installing: /home/wch1007@netid.washington.edu/TECHIN516/kinova_ws/install/pymoveit2/lib/pymoveit2/ex_orientation_path_constraint.py
[1.731s] -- Installing: /home/wch1007@netid.washington.edu/TECHIN516/kinova_ws/install/pymoveit2/lib/pymoveit2/ex_pose_goal.py
[1.731s] -- Installing: /home/wch1007@netid.washington.edu/TECHIN516/kinova_ws/install/pymoveit2/lib/pymoveit2/ex_servo.py
[1.731s] -- Installing: /home/wch1007@netid.washington.edu/TECHIN516/kinova_ws/install/pymoveit2/share/ament_index/resource_index/package_run_dependencies/pymoveit2
[1.731s] -- Installing: /home/wch1007@netid.washington.edu/TECHIN516/kinova_ws/install/pymoveit2/share/ament_index/resource_index/parent_prefix_path/pymoveit2
[1.732s] -- Installing: /home/wch1007@netid.washington.edu/TECHIN516/kinova_ws/install/pymoveit2/share/pymoveit2/environment/ament_prefix_path.sh
[1.732s] -- Installing: /home/wch1007@netid.washington.edu/TECHIN516/kinova_ws/install/pymoveit2/share/pymoveit2/environment/ament_prefix_path.dsv
[1.732s] -- Installing: /home/wch1007@netid.washington.edu/TECHIN516/kinova_ws/install/pymoveit2/share/pymoveit2/environment/path.sh
[1.732s] -- Installing: /home/wch1007@netid.washington.edu/TECHIN516/kinova_ws/install/pymoveit2/share/pymoveit2/environment/path.dsv
[1.732s] -- Installing: /home/wch1007@netid.washington.edu/TECHIN516/kinova_ws/install/pymoveit2/share/pymoveit2/local_setup.bash
[1.732s] -- Installing: /home/wch1007@netid.washington.edu/TECHIN516/kinova_ws/install/pymoveit2/share/pymoveit2/local_setup.sh
[1.732s] -- Installing: /home/wch1007@netid.washington.edu/TECHIN516/kinova_ws/install/pymoveit2/share/pymoveit2/local_setup.zsh
[1.732s] -- Installing: /home/wch1007@netid.washington.edu/TECHIN516/kinova_ws/install/pymoveit2/share/pymoveit2/local_setup.dsv
[1.732s] -- Installing: /home/wch1007@netid.washington.edu/TECHIN516/kinova_ws/install/pymoveit2/share/pymoveit2/package.dsv
[1.733s] -- Installing: /home/wch1007@netid.washington.edu/TECHIN516/kinova_ws/install/pymoveit2/share/ament_index/resource_index/packages/pymoveit2
[1.733s] -- Installing: /home/wch1007@netid.washington.edu/TECHIN516/kinova_ws/install/pymoveit2/share/pymoveit2/cmake/pymoveit2Config.cmake
[1.733s] -- Installing: /home/wch1007@netid.washington.edu/TECHIN516/kinova_ws/install/pymoveit2/share/pymoveit2/cmake/pymoveit2Config-version.cmake
[1.733s] -- Installing: /home/wch1007@netid.washington.edu/TECHIN516/kinova_ws/install/pymoveit2/share/pymoveit2/package.xml
[1.736s] Invoked command in '/home/wch1007@netid.washington.edu/TECHIN516/kinova_ws/build/pymoveit2' returned '0': CMAKE_PREFIX_PATH=${CMAKE_PREFIX_PATH}:/home/wch1007@netid.washington.edu/TECHIN516/kinova_ws/install/rqt_joint_trajectory_controller:/home/wch1007@netid.washington.edu/TECHIN516/kinova_ws/install/rqt_controller_manager:/home/wch1007@netid.washington.edu/TECHIN516/kinova_ws/install/ros2controlcli:/home/wch1007@netid.washington.edu/TECHIN516/kinova_ws/install/ros2_controllers_test_nodes:/home/wch1007@netid.washington.edu/TECHIN516/kinova_ws/install/ros2_control_demo_testing:/home/wch1007@netid.washington.edu/TECHIN516/kinova_ws/install/lab_quaternion:/opt/ros/humble /usr/bin/cmake --install /home/wch1007@netid.washington.edu/TECHIN516/kinova_ws/build/pymoveit2
